[    0.000000] Initializing cgroup subsys cpuset
[    0.000000] Initializing cgroup subsys cpu
[    0.000000] Initializing cgroup subsys cpuacct
[    0.000000] Linux version 4.4.0-184-generic (buildd@lgw01-amd64-060) (gcc version 5.4.0 20160609 (Ubuntu 5.4.0-6ubuntu1~16.04.12) ) #214-Ubuntu SMP Thu Jun 4 10:14:11 UTC 2020 (Ubuntu 4.4.0-184.214-generic 4.4.223)
[    0.000000] Command line: BOOT_IMAGE=/boot/vmlinuz-4.4.0-184-generic root=LABEL=cloudimg-rootfs ro console=tty1 console=ttyS0
[    0.000000] KERNEL supported cpus:
[    0.000000]   Intel GenuineIntel
[    0.000000]   AMD AuthenticAMD
[    0.000000]   Centaur CentaurHauls
[    0.000000] x86/fpu: xstate_offset[2]:  576, xstate_sizes[2]:  256
[    0.000000] x86/fpu: Supporting XSAVE feature 0x01: 'x87 floating point registers'
[    0.000000] x86/fpu: Supporting XSAVE feature 0x02: 'SSE registers'
[    0.000000] x86/fpu: Supporting XSAVE feature 0x04: 'AVX registers'
[    0.000000] x86/fpu: Enabled xstate features 0x7, context size is 832 bytes, using 'standard' format.
[    0.000000] e820: BIOS-provided physical RAM map:
[    0.000000] BIOS-e820: [mem 0x0000000000000000-0x000000000009fbff] usable
[    0.000000] BIOS-e820: [mem 0x000000000009fc00-0x000000000009ffff] reserved
[    0.000000] BIOS-e820: [mem 0x00000000000f0000-0x00000000000fffff] reserved
[    0.000000] BIOS-e820: [mem 0x0000000000100000-0x000000003ffeffff] usable
[    0.000000] BIOS-e820: [mem 0x000000003fff0000-0x000000003fffffff] ACPI data
[    0.000000] BIOS-e820: [mem 0x00000000fec00000-0x00000000fec00fff] reserved
[    0.000000] BIOS-e820: [mem 0x00000000fee00000-0x00000000fee00fff] reserved
[    0.000000] BIOS-e820: [mem 0x00000000fffc0000-0x00000000ffffffff] reserved
[    0.000000] NX (Execute Disable) protection: active
[    0.000000] SMBIOS 2.5 present.
[    0.000000] Hypervisor detected: KVM
[    0.000000] e820: last_pfn = 0x3fff0 max_arch_pfn = 0x400000000
[    0.000000] MTRR: Disabled
[    0.000000] x86/PAT: MTRRs disabled, skipping PAT initialization too.
[    0.000000] CPU MTRRs all blank - virtualized system.
[    0.000000] x86/PAT: Configuration [0-7]: WB  WT  UC- UC  WB  WT  UC- UC  
[    0.000000] found SMP MP-table at [mem 0x0009fff0-0x0009ffff] mapped at [ffff88000009fff0]
[    0.000000] Scanning 1 areas for low memory corruption
[    0.000000] RAMDISK: [mem 0x362de000-0x37166fff]
[    0.000000] ACPI: Early table checksum verification disabled
[    0.000000] ACPI: RSDP 0x00000000000E0000 000024 (v02 VBOX  )
[    0.000000] ACPI: XSDT 0x000000003FFF0030 00003C (v01 VBOX   VBOXXSDT 00000001 ASL  00000061)
[    0.000000] ACPI: FACP 0x000000003FFF00F0 0000F4 (v04 VBOX   VBOXFACP 00000001 ASL  00000061)
[    0.000000] ACPI: DSDT 0x000000003FFF0470 002325 (v02 VBOX   VBOXBIOS 00000002 INTL 20100528)
[    0.000000] ACPI: FACS 0x000000003FFF0200 000040
[    0.000000] ACPI: FACS 0x000000003FFF0200 000040
[    0.000000] ACPI: APIC 0x000000003FFF0240 00005C (v02 VBOX   VBOXAPIC 00000001 ASL  00000061)
[    0.000000] ACPI: SSDT 0x000000003FFF02A0 0001CC (v01 VBOX   VBOXCPUT 00000002 INTL 20100528)
[    0.000000] No NUMA configuration found
[    0.000000] Faking a node at [mem 0x0000000000000000-0x000000003ffeffff]
[    0.000000] NODE_DATA(0) allocated [mem 0x3ffeb000-0x3ffeffff]
[    0.000000] kvm-clock: Using msrs 4b564d01 and 4b564d00
[    0.000000] kvm-clock: cpu 0, msr 0:3ffe3001, primary cpu clock
[    0.000000] kvm-clock: using sched offset of 4790024267 cycles
[    0.000000] clocksource: kvm-clock: mask: 0xffffffffffffffff max_cycles: 0x1cd42e4dffb, max_idle_ns: 881590591483 ns
[    0.000000] Zone ranges:
[    0.000000]   DMA      [mem 0x0000000000001000-0x0000000000ffffff]
[    0.000000]   DMA32    [mem 0x0000000001000000-0x000000003ffeffff]
[    0.000000]   Normal   empty
[    0.000000]   Device   empty
[    0.000000] Movable zone start for each node
[    0.000000] Early memory node ranges
[    0.000000]   node   0: [mem 0x0000000000001000-0x000000000009efff]
[    0.000000]   node   0: [mem 0x0000000000100000-0x000000003ffeffff]
[    0.000000] Initmem setup node 0 [mem 0x0000000000001000-0x000000003ffeffff]
[    0.000000] ACPI: PM-Timer IO Port: 0x4008
[    0.000000] IOAPIC[0]: apic_id 2, version 32, address 0xfec00000, GSI 0-23
[    0.000000] ACPI: INT_SRC_OVR (bus 0 bus_irq 0 global_irq 2 dfl dfl)
[    0.000000] ACPI: INT_SRC_OVR (bus 0 bus_irq 9 global_irq 9 low level)
[    0.000000] Using ACPI (MADT) for SMP configuration information
[    0.000000] smpboot: Allowing 2 CPUs, 0 hotplug CPUs
[    0.000000] PM: Registered nosave memory: [mem 0x00000000-0x00000fff]
[    0.000000] PM: Registered nosave memory: [mem 0x0009f000-0x0009ffff]
[    0.000000] PM: Registered nosave memory: [mem 0x000a0000-0x000effff]
[    0.000000] PM: Registered nosave memory: [mem 0x000f0000-0x000fffff]
[    0.000000] e820: [mem 0x40000000-0xfebfffff] available for PCI devices
[    0.000000] Booting paravirtualized kernel on KVM
[    0.000000] clocksource: refined-jiffies: mask: 0xffffffff max_cycles: 0xffffffff, max_idle_ns: 7645519600211568 ns
[    0.000000] setup_percpu: NR_CPUS:512 nr_cpumask_bits:512 nr_cpu_ids:2 nr_node_ids:1
[    0.000000] PERCPU: Embedded 33 pages/cpu @ffff88003fc00000 s95448 r8192 d31528 u1048576
[    0.000000] Built 1 zonelists in Node order, mobility grouping on.  Total pages: 257912
[    0.000000] Policy zone: DMA32
[    0.000000] Kernel command line: BOOT_IMAGE=/boot/vmlinuz-4.4.0-184-generic root=LABEL=cloudimg-rootfs ro console=tty1 console=ttyS0
[    0.000000] PID hash table entries: 4096 (order: 3, 32768 bytes)
[    0.000000] Memory: 997664K/1048120K available (8632K kernel code, 1336K rwdata, 4036K rodata, 1492K init, 1292K bss, 50456K reserved, 0K cma-reserved)
[    0.000000] SLUB: HWalign=64, Order=0-3, MinObjects=0, CPUs=2, Nodes=1
[    0.000000] Kernel/User page tables isolation: enabled
[    0.000000] Hierarchical RCU implementation.
[    0.000000] 	Build-time adjustment of leaf fanout to 64.
[    0.000000] 	RCU restricting CPUs from NR_CPUS=512 to nr_cpu_ids=2.
[    0.000000] RCU: Adjusting geometry for rcu_fanout_leaf=64, nr_cpu_ids=2
[    0.000000] NR_IRQS:33024 nr_irqs:440 16
[    0.000000] Console: colour VGA+ 80x25
[    0.000000] console [tty1] enabled
[    0.000000] console [ttyS0] enabled
[    0.000000] tsc: Detected 2394.458 MHz processor
[    0.409701] Calibrating delay loop (skipped) preset value.. 4788.91 BogoMIPS (lpj=9577832)
[    0.413714] pid_max: default: 32768 minimum: 301
[    0.416501] ACPI: Core revision 20150930
[    0.423485] ACPI: 2 ACPI AML tables successfully acquired and loaded
[    0.426462] Security Framework initialized
[    0.428392] Yama: becoming mindful.
[    0.430203] AppArmor: AppArmor initialized
[    0.432561] Dentry cache hash table entries: 131072 (order: 8, 1048576 bytes)
[    0.440534] Inode-cache hash table entries: 65536 (order: 7, 524288 bytes)
[    0.443686] Mount-cache hash table entries: 2048 (order: 2, 16384 bytes)
[    0.446446] Mountpoint-cache hash table entries: 2048 (order: 2, 16384 bytes)
[    0.450148] Initializing cgroup subsys io
[    0.452080] Initializing cgroup subsys memory
[    0.454059] Initializing cgroup subsys devices
[    0.456140] Initializing cgroup subsys freezer
[    0.458130] Initializing cgroup subsys net_cls
[    0.460203] Initializing cgroup subsys perf_event
[    0.462285] Initializing cgroup subsys net_prio
[    0.464440] Initializing cgroup subsys hugetlb
[    0.467082] Initializing cgroup subsys pids
[    0.470222] mce: CPU supports 0 MCE banks
[    0.472288] Last level iTLB entries: 4KB 64, 2MB 8, 4MB 8
[    0.474773] Last level dTLB entries: 4KB 64, 2MB 0, 4MB 0, 1GB 4
[    0.477245] Spectre V1 : Mitigation: usercopy/swapgs barriers and __user pointer sanitization
[    0.481101] Spectre V2 : Mitigation: Full generic retpoline
[    0.483554] Spectre V2 : Spectre v2 / SpectreRSB mitigation: Filling RSB on context switch
[    0.487269] Speculative Store Bypass: Vulnerable
[    0.489358] SRBDS: Unknown: Dependent on hypervisor status
[    0.491847] MDS: Vulnerable: Clear CPU buffers attempted, no microcode
[    0.501019] Freeing SMP alternatives memory: 36K
[    0.516606] ftrace: allocating 32319 entries in 127 pages
[    0.651092] smpboot: APIC(0) Converting physical 0 to logical package 0
[    0.653988] smpboot: Max logical packages: 1
[    0.657040] x2apic enabled
[    0.659480] Switched APIC routing to physical x2apic.
[    0.665284] ..TIMER: vector=0x30 apic1=0 pin1=2 apic2=-1 pin2=-1
[    0.776449] smpboot: CPU0: Intel(R) Core(TM) i7-5500U CPU @ 2.40GHz (family: 0x6, model: 0x3d, stepping: 0x4)
[    0.781856] Performance Events: unsupported p6 CPU model 61 no PMU driver, software events only.
[    0.805526] KVM setup paravirtual spinlock
[    0.809542] x86: Booting SMP configuration:
[    0.812025] .... node  #0, CPUs:      #1
[    0.814423] kvm-clock: cpu 1, msr 0:3ffe3041, secondary cpu clock
[    0.817582] mce: CPU supports 0 MCE banks
[    0.821051] x86: Booted up 1 node, 2 CPUs
[    0.824283] smpboot: Total of 2 processors activated (9577.83 BogoMIPS)
[    0.828607] devtmpfs: initialized
[    0.844499] evm: security.selinux
[    0.846512] evm: security.SMACK64
[    0.848807] evm: security.SMACK64EXEC
[    0.850985] evm: security.SMACK64TRANSMUTE
[    0.853343] evm: security.SMACK64MMAP
[    0.855536] evm: security.ima
[    0.857494] evm: security.capability
[    0.859662] clocksource: jiffies: mask: 0xffffffff max_cycles: 0xffffffff, max_idle_ns: 7645041785100000 ns
[    0.864775] futex hash table entries: 512 (order: 3, 32768 bytes)
[    0.870684] pinctrl core: initialized pinctrl subsystem
[    0.873944] RTC time: 12:12:49, date: 06/30/20
[    0.877218] NET: Registered protocol family 16
[    0.889462] cpuidle: using governor ladder
[    0.901149] cpuidle: using governor menu
[    0.903128] PCCT header not found.
[    0.905577] ACPI: bus type PCI registered
[    0.908059] acpiphp: ACPI Hot Plug PCI Controller Driver version: 0.5
[    0.911681] PCI: Using configuration type 1 for base access
[    0.930741] ACPI: Added _OSI(Module Device)
[    0.933123] ACPI: Added _OSI(Processor Device)
[    0.935256] ACPI: Added _OSI(3.0 _SCP Extensions)
[    0.937370] ACPI: Added _OSI(Processor Aggregator Device)
[    0.941503] ACPI: Executed 1 blocks of module-level executable AML code
[    0.950828] ACPI: Interpreter enabled
[    0.952687] ACPI: (supports S0 S5)
[    0.954529] ACPI: Using IOAPIC for interrupt routing
[    0.957200] PCI: Using host bridge windows from ACPI; if necessary, use "pci=nocrs" and report a bug
[    0.971964] ACPI: PCI Root Bridge [PCI0] (domain 0000 [bus 00-ff])
[    0.974599] acpi PNP0A03:00: _OSC: OS supports [ASPM ClockPM Segments MSI]
[    0.978559] acpi PNP0A03:00: _OSC: not requesting OS control; OS requires [ExtendedConfig ASPM ClockPM MSI]
[    0.983477] acpi PNP0A03:00: fail to add MMCONFIG information, can't access extended PCI configuration space under this bridge.
[    0.995251] PCI host bridge to bus 0000:00
[    0.997528] pci_bus 0000:00: root bus resource [io  0x0000-0x0cf7 window]
[    1.000547] pci_bus 0000:00: root bus resource [io  0x0d00-0xffff window]
[    1.003723] pci_bus 0000:00: root bus resource [mem 0x000a0000-0x000bffff window]
[    1.007633] pci_bus 0000:00: root bus resource [mem 0x40000000-0xfdffffff window]
[    1.011614] pci_bus 0000:00: root bus resource [bus 00-ff]
[    1.017462] pci 0000:00:01.1: legacy IDE quirk: reg 0x10: [io  0x01f0-0x01f7]
[    1.020314] pci 0000:00:01.1: legacy IDE quirk: reg 0x14: [io  0x03f6]
[    1.023001] pci 0000:00:01.1: legacy IDE quirk: reg 0x18: [io  0x0170-0x0177]
[    1.055456] pci 0000:00:01.1: legacy IDE quirk: reg 0x1c: [io  0x0376]
[    1.096046] pci 0000:00:07.0: quirk: [io  0x4000-0x403f] claimed by PIIX4 ACPI
[    1.100060] pci 0000:00:07.0: quirk: [io  0x4100-0x410f] claimed by PIIX4 SMB
[    1.121840] ACPI: PCI Interrupt Link [LNKA] (IRQs 5 9 10 *11)
[    1.126552] ACPI: PCI Interrupt Link [LNKB] (IRQs 5 9 *10 11)
[    1.130085] ACPI: PCI Interrupt Link [LNKC] (IRQs 5 *9 10 11)
[    1.133488] ACPI: PCI Interrupt Link [LNKD] (IRQs 5 9 10 *11)
[    1.136921] ACPI: Enabled 2 GPEs in block 00 to 07
[    1.139885] vgaarb: setting as boot device: PCI:0000:00:02.0
[    1.142317] vgaarb: device added: PCI:0000:00:02.0,decodes=io+mem,owns=io+mem,locks=none
[    1.146051] vgaarb: loaded
[    1.147679] vgaarb: bridge control possible 0000:00:02.0
[    1.150614] SCSI subsystem initialized
[    1.152754] ACPI: bus type USB registered
[    1.154738] usbcore: registered new interface driver usbfs
[    1.157088] usbcore: registered new interface driver hub
[    1.159453] usbcore: registered new device driver usb
[    1.162109] PCI: Using ACPI for IRQ routing
[    1.169098] NetLabel: Initializing
[    1.170892] NetLabel:  domain hash size = 128
[    1.172891] NetLabel:  protocols = UNLABELED CIPSOv4
[    1.175150] NetLabel:  unlabeled traffic allowed by default
[    1.177760] amd_nb: Cannot enumerate AMD northbridges
[    1.180531] clocksource: Switched to clocksource kvm-clock
[    1.208422] AppArmor: AppArmor Filesystem Enabled
[    1.211010] pnp: PnP ACPI init
[    1.214602] pnp: PnP ACPI: found 3 devices
[    1.238916] clocksource: acpi_pm: mask: 0xffffff max_cycles: 0xffffff, max_idle_ns: 2085701024 ns
[    1.243523] NET: Registered protocol family 2
[    1.246190] TCP established hash table entries: 8192 (order: 4, 65536 bytes)
[    1.249437] TCP bind hash table entries: 8192 (order: 5, 131072 bytes)
[    1.252490] TCP: Hash tables configured (established 8192 bind 8192)
[    1.255439] UDP hash table entries: 512 (order: 2, 16384 bytes)
[    1.258207] UDP-Lite hash table entries: 512 (order: 2, 16384 bytes)
[    1.261213] NET: Registered protocol family 1
[    1.263611] pci 0000:00:00.0: Limiting direct PCI/PCI transfers
[    1.266743] pci 0000:00:01.0: Activating ISA DMA hang workarounds
[    1.270108] Unpacking initramfs...
[    1.866836] Freeing initrd memory: 14884K
[    1.869448] RAPL PMU detected, API unit is 2^-32 Joules, 4 fixed counters 10737418240 ms ovfl timer
[    1.873991] hw unit of domain pp0-core 2^-0 Joules
[    1.876220] hw unit of domain package 2^-0 Joules
[    1.878392] hw unit of domain dram 2^-0 Joules
[    1.880525] hw unit of domain pp1-gpu 2^-0 Joules
[    1.883426] clocksource: tsc: mask: 0xffffffffffffffff max_cycles: 0x2283c44026a, max_idle_ns: 440795260713 ns
[    1.887967] platform rtc_cmos: registered platform RTC device (no PNP device found)
[    1.892657] Scanning for low memory corruption every 60 seconds
[    1.895559] audit: initializing netlink subsys (disabled)
[    1.898623] audit: type=2000 audit(1593519176.085:1): initialized
[    1.908971] Initialise system trusted keyring
[    1.911285] HugeTLB registered 2 MB page size, pre-allocated 0 pages
[    1.918189] zbud: loaded
[    1.920305] VFS: Disk quotas dquot_6.6.0
[    1.922418] VFS: Dquot-cache hash table entries: 512 (order 0, 4096 bytes)
[    1.927933] squashfs: version 4.0 (2009/01/31) Phillip Lougher
[    1.941498] fuse init (API version 7.23)
[    1.944369] Key type big_key registered
[    1.947106] Allocating IMA MOK and blacklist keyrings.
[    1.957882] Key type asymmetric registered
[    1.960847] Asymmetric key parser 'x509' registered
[    1.966142] Block layer SCSI generic (bsg) driver version 0.4 loaded (major 249)
[    1.971002] io scheduler noop registered
[    1.973484] io scheduler deadline registered (default)
[    1.976910] io scheduler cfq registered
[    1.979672] pci_hotplug: PCI Hot Plug PCI Core version: 0.5
[    1.983498] pciehp: PCI Express Hot Plug Controller Driver version: 0.4
[    1.987674] ACPI: AC Adapter [AC] (on-line)
[    1.990397] input: Power Button as /devices/LNXSYSTM:00/LNXPWRBN:00/input/input0
[    1.995229] ACPI: Power Button [PWRF]
[    1.997633] input: Sleep Button as /devices/LNXSYSTM:00/LNXSLPBN:00/input/input1
[    2.002957] ACPI: Sleep Button [SLPF]
[    2.005870] GHES: HEST is not enabled!
[    2.007729] ACPI: Battery Slot [BAT0] (battery present)
[    2.011337] Serial: 8250/16550 driver, 32 ports, IRQ sharing enabled
[    2.036860] 00:02: ttyS0 at I/O 0x3f8 (irq = 4, base_baud = 115200) is a 16550A
[    2.046686] Linux agpgart interface v0.103
[    2.053125] loop: module loaded
[    2.056965] scsi host0: ata_piix
[    2.059326] scsi host1: ata_piix
[    2.061205] ata1: PATA max UDMA/33 cmd 0x1f0 ctl 0x3f6 bmdma 0xd000 irq 14
[    2.065441] ata2: PATA max UDMA/33 cmd 0x170 ctl 0x376 bmdma 0xd008 irq 15
[    2.069609] libphy: Fixed MDIO Bus: probed
[    2.071943] tun: Universal TUN/TAP device driver, 1.6
[    2.075016] tun: (C) 1999-2004 Max Krasnyansky <maxk@qualcomm.com>
[    2.078515] PPP generic driver version 2.4.2
[    2.081750] ehci_hcd: USB 2.0 'Enhanced' Host Controller (EHCI) Driver
[    2.085516] ehci-pci: EHCI PCI platform driver
[    2.088028] ehci-platform: EHCI generic platform driver
[    2.091212] ohci_hcd: USB 1.1 'Open' Host Controller (OHCI) Driver
[    2.094805] ohci-pci: OHCI PCI platform driver
[    2.098207] ohci-platform: OHCI generic platform driver
[    2.100922] uhci_hcd: USB Universal Host Controller Interface driver
[    2.103782] i8042: PNP: PS/2 Controller [PNP0303:PS2K,PNP0f03:PS2M] at 0x60,0x64 irq 1,12
[    2.108966] serio: i8042 KBD port at 0x60,0x64 irq 1
[    2.111261] serio: i8042 AUX port at 0x60,0x64 irq 12
[    2.114278] mousedev: PS/2 mouse device common for all mice
[    2.118344] input: AT Translated Set 2 keyboard as /devices/platform/i8042/serio0/input/input2
[    2.122656] rtc_cmos rtc_cmos: rtc core: registered rtc_cmos as rtc0
[    2.125558] rtc_cmos rtc_cmos: alarms up to one day, 114 bytes nvram
[    2.128153] i2c /dev entries driver
[    2.130544] device-mapper: uevent: version 1.0.3
[    2.133686] device-mapper: ioctl: 4.34.0-ioctl (2015-10-28) initialised: dm-devel@redhat.com
[    2.137723] ledtrig-cpu: registered to indicate activity on CPUs
[    2.140663] NET: Registered protocol family 10
[    2.143147] NET: Registered protocol family 17
[    2.145362] Key type dns_resolver registered
[    2.148280] registered taskstats version 1
[    2.150548] Loading compiled-in X.509 certificates
[    2.153932] Loaded X.509 cert 'Build time autogenerated kernel key: b6ae09eed57f82583ccd3c65c463e852cdd7a0b5'
[    2.158264] zswap: loaded using pool lzo/zbud
[    2.163793] Key type trusted registered
[    2.172788] Key type encrypted registered
[    2.174746] AppArmor: AppArmor sha1 policy hashing enabled
[    2.177354] ima: No TPM chip found, activating TPM-bypass!
[    2.180532] ima: Allocated hash algorithm: sha1
[    2.183382] evm: HMAC attrs: 0x1
[    2.185780]   Magic number: 8:694:229
[    2.187735] rtc_cmos rtc_cmos: setting system clock to 2020-06-30 12:12:50 UTC (1593519170)
[    2.191820] BIOS EDD facility v0.16 2004-Jun-25, 0 devices found
[    2.194807] EDD information not available.
[    2.259793] Freeing unused kernel memory: 1492K
[    2.261883] Write protecting the kernel read-only data: 14336k
[    2.265586] Freeing unused kernel memory: 1596K
[    2.268015] Freeing unused kernel memory: 60K
Loading, please wait...
starting version 229
[    2.294145] random: systemd-udevd: uninitialized urandom read (16 bytes read, 5 bits of entropy available)
[    2.295957] random: udevadm: uninitialized urandom read (16 bytes read, 5 bits of entropy available)
[    2.295986] random: udevadm: uninitialized urandom read (16 bytes read, 5 bits of entropy available)
[    2.311451] random: systemd-udevd: uninitialized urandom read (16 bytes read, 5 bits of entropy available)
[    2.317164] random: systemd-udevd: uninitialized urandom read (16 bytes read, 5 bits of entropy available)
[    2.320196] random: udevadm: uninitialized urandom read (16 bytes read, 5 bits of entropy available)
[    2.320279] random: udevadm: uninitialized urandom read (16 bytes read, 5 bits of entropy available)
[    2.320676] random: udevadm: uninitialized urandom read (16 bytes read, 5 bits of entropy available)
[    2.320785] random: udevadm: uninitialized urandom read (16 bytes read, 5 bits of entropy available)
[    2.320923] random: udevadm: uninitialized urandom read (16 bytes read, 5 bits of entropy available)
[    2.413410] e1000: Intel(R) PRO/1000 Network Driver - version 7.3.21-k8-NAPI
[    2.417107] e1000: Copyright (c) 1999-2006 Intel Corporation.
[    2.425167] Fusion MPT base driver 3.04.20
[    2.428884] Copyright (c) 1999-2008 LSI Corporation
[    2.442959] Fusion MPT SPI Host driver 3.04.20
[    2.471396] AVX2 version of gcm_enc/dec engaged.
[    2.474268] AES CTR mode by8 optimization enabled
[    2.639408] input: ImExPS/2 Generic Explorer Mouse as /devices/platform/i8042/serio1/input/input4
[    2.916889] e1000 0000:00:03.0 eth0: (PCI:33MHz:32-bit) 02:89:fa:04:16:8f
[    2.919869] e1000 0000:00:03.0 eth0: Intel(R) PRO/1000 Network Connection
[    2.924849] mptbase: ioc0: Initiating bringup
[    4.168978] ioc0: LSI53C1030 A0: Capabilities={Initiator}
[    6.221268] scsi host2: ioc0: LSI53C1030 A0, FwRev=00000000h, Ports=1, MaxQ=256, IRQ=20
[    8.882855] scsi 2:0:0:0: Direct-Access     VBOX     HARDDISK         1.0  PQ: 0 ANSI: 5
[    8.887848] scsi target2:0:0: Beginning Domain Validation
[    8.894685] scsi target2:0:0: Domain Validation skipping write tests
[    8.899798] scsi target2:0:0: Ending Domain Validation
[    8.903217] scsi target2:0:0: asynchronous
[    8.956799] scsi 2:0:1:0: Direct-Access     VBOX     HARDDISK         1.0  PQ: 0 ANSI: 5
[    8.961927] scsi target2:0:1: Beginning Domain Validation
[    8.967527] scsi target2:0:1: Domain Validation skipping write tests
[    8.971451] scsi target2:0:1: Ending Domain Validation
[    8.974314] scsi target2:0:1: asynchronous
[    8.990162] sd 2:0:0:0: Attached scsi generic sg0 type 0
[    8.994316] sd 2:0:1:0: Attached scsi generic sg1 type 0
[    8.997997] sd 2:0:0:0: [sda] 20971520 512-byte logical blocks: (10.7 GB/10.0 GiB)
[    9.002946] sd 2:0:1:0: [sdb] 20480 512-byte logical blocks: (10.5 MB/10.0 MiB)
[    9.010245] sd 2:0:0:0: [sda] Write Protect is off
[    9.012777] sd 2:0:0:0: [sda] Incomplete mode parameter data
[    9.015552] sd 2:0:0:0: [sda] Assuming drive cache: write through
[    9.019090] sd 2:0:1:0: [sdb] Write Protect is off
[    9.022664] sd 2:0:1:0: [sdb] Incomplete mode parameter data
[    9.026042] sd 2:0:1:0: [sdb] Assuming drive cache: write through
[    9.041656]  sda: sda1
[    9.044936] sd 2:0:0:0: [sda] Attached SCSI disk
[    9.060325] sd 2:0:1:0: [sdb] Attached SCSI disk
[    9.601484] e1000 0000:00:08.0 eth1: (PCI:33MHz:32-bit) 08:00:27:9c:1b:5a
[    9.605780] e1000 0000:00:08.0 eth1: Intel(R) PRO/1000 Network Connection
[    9.612546] e1000 0000:00:03.0 enp0s3: renamed from eth0
[    9.629441] e1000 0000:00:08.0 enp0s8: renamed from eth1
Begin: Loading essential drivers ... [   12.273020] md: linear personality registered for level -1
[   12.281723] md: multipath personality registered for level -4
[   12.290031] md: raid0 personality registered for level 0
[   12.302800] md: raid1 personality registered for level 1
[   12.384890] raid6: sse2x1   gen()  1844 MB/s
[   12.453234] raid6: sse2x1   xor()  1373 MB/s
[   12.520715] raid6: sse2x2   gen()  3332 MB/s
[   12.589847] raid6: sse2x2   xor()  1921 MB/s
[   12.657224] raid6: sse2x4   gen()  5307 MB/s
[   12.724581] raid6: sse2x4   xor()  2847 MB/s
[   12.793048] raid6: avx2x1   gen()  3703 MB/s
[   12.860920] raid6: avx2x2   gen()  5759 MB/s
[   12.932615] raid6: avx2x4   gen()  3565 MB/s
[   12.935542] raid6: using algorithm avx2x2 gen() 5759 MB/s
[   12.940725] raid6: using avx2x2 recovery algorithm
[   12.948492] xor: automatically using best checksumming function:
[   12.994098]    avx       : 10926.000 MB/sec
[   13.002482] async_tx: api initialized (async)
[   13.027571] md: raid6 personality registered for level 6
[   13.032255] md: raid5 personality registered for level 5
[   13.035121] md: raid4 personality registered for level 4
[   13.059347] md: raid10 personality registered for level 10
done.
Begin: Running /scripts/init-premount ... done.
Begin: Mounting root file system ... Begin: Running /scripts/local-top ... done.
Begin: Running /scripts/local-premount ... [   13.147353] Btrfs loaded
Scanning for Btrfs filesystems
done.
Warning: fsck not present, so skipping root file system
[   13.279079] EXT4-fs (sda1): mounted filesystem with ordered data mode. Opts: (null)
done.
Begin: Running /scripts/local-bottom ... done.
Begin: Running /scripts/init-bottom ... done.
[   13.871389] random: nonblocking pool is initialized
[   14.238270] systemd[1]: systemd 229 running in system mode. (+PAM +AUDIT +SELINUX +IMA +APPARMOR +SMACK +SYSVINIT +UTMP +LIBCRYPTSETUP +GCRYPT +GNUTLS +ACL +XZ -LZ4 +SECCOMP +BLKID +ELFUTILS +KMOD -IDN)
[   14.247681] systemd[1]: Detected virtualization oracle.
[   14.252631] systemd[1]: Detected architecture x86-64.

Welcome to [1mUbuntu 16.04.6 LTS[0m!

[   14.342793] systemd[1]: Set hostname to <ubuntu>.
[   14.378023] systemd[1]: Initializing machine ID from random generator.
[   14.381443] systemd[1]: Installed transient /etc/machine-id file.
[   15.622497] systemd[1]: Started Forward Password Requests to Wall Directory Watch.
[[0;32m  OK  [0m] Started Forward Password Requests to Wall Directory Watch.
[   15.628370] systemd[1]: Listening on udev Kernel Socket.
[[0;32m  OK  [0m] Listening on udev Kernel Socket.
[   15.634129] systemd[1]: Reached target System Time Synchronized.
[[0;32m  OK  [0m] Reached target System Time Synchronized.
[   15.639755] systemd[1]: Listening on Journal Socket (/dev/log).
[[0;32m  OK  [0m] Listening on Journal Socket (/dev/log).
[   15.644802] systemd[1]: Set up automount Arbitrary Executable File Formats File System Automount Point.
[[0;32m  OK  [0m] Set up automount Arbitrary Executab...ats File System Automount Point.
[   15.653068] systemd[1]: Listening on /dev/initctl Compatibility Named Pipe.
[[0;32m  OK  [0m] Listening on /dev/initctl Compatibility Named Pipe.
[   15.658531] systemd[1]: Reached target Encrypted Volumes.
[[0;32m  OK  [0m] Reached target Encrypted Volumes.
[   15.662664] systemd[1]: Listening on Syslog Socket.
[[0;32m  OK  [0m] Listening on Syslog Socket.
[   15.669305] systemd[1]: Created slice User and Session Slice.
[[0;32m  OK  [0m] Created slice User and Session Slice.
[   15.675291] systemd[1]: Created slice System Slice.
[[0;32m  OK  [0m] Created slice System Slice.
[   15.680083] systemd[1]: Created slice system-serial\x2dgetty.slice.
[[0;32m  OK  [0m] Created slice system-serial\x2dgetty.slice.
[   15.686371] systemd[1]: Listening on udev Control Socket.
[[0;32m  OK  [0m] Listening on udev Control Socket.
[   15.691106] systemd[1]: Started Trigger resolvconf update for networkd DNS.
[[0;32m  OK  [0m] Started Trigger resolvconf update for networkd DNS.
[   15.696211] systemd[1]: Listening on LVM2 metadata daemon socket.
[[0;32m  OK  [0m] Listening on LVM2 metadata daemon socket.
[   15.701456] systemd[1]: Reached target Swap.
[[0;32m  OK  [0m] Reached target Swap.
[   15.705727] systemd[1]: Reached target Slices.
[[0;32m  OK  [0m] Reached target Slices.
[   15.709571] systemd[1]: Reached target User and Group Name Lookups.
[[0;32m  OK  [0m] Reached target User and Group Name Lookups.
[   15.848355] systemd[1]: Listening on Device-mapper event daemon FIFOs.
[[0;32m  OK  [0m] Listening on Device-mapper event daemon FIFOs.
[   15.854274] systemd[1]: Listening on LVM2 poll daemon socket.
[[0;32m  OK  [0m] Listening on LVM2 poll daemon socket.
[   15.858984] systemd[1]: Listening on Journal Socket.
[[0;32m  OK  [0m] Listening on Journal Socket.
[   15.877526] systemd[1]: Mounting Huge Pages File System...
         Mounting Huge Pages File System...
[   15.885252] systemd[1]: Starting Remount Root and Kernel File Systems...
         Starting Remount Root and Kernel File Systems...
[   15.892348] systemd[1]: Starting Nameserver information manager...
         Starting Nameserver information manager...
[   15.904672] systemd[1]: Starting Set console keymap...
   15.908991] EXT4-fs (sda1): re-mounted. Opts: (null)
         Starting Set console keymap...
[   15.957460] systemd[1]: Starting Load Kernel Modules...
         Starting Load Kernel Modules...
[   15.963828] systemd[1]: Mounting Debug File System...
         Mounting Debug File System...
[   15.969991] systemd[1]: Starting Monitoring of LVM2 mirrors, snapshots etc. using dmeventd or progress polling...
         Starting Monitoring of LVM2 mirrors... dmeventd or progress polling...
[   15.986274] systemd[1]: Mounting POSIX Message Queue File System...
         Mounting POSIX Message Queue File System...
[   15.992868] systemd[1]: Starting Uncomplicated firewall...
         Starting Uncomplicated firewall...
[   15.998729] systemd[1]: Starting Create list of required static device nodes for the current kernel...
         Starting Create list of required st... nodes for the current kernel...
[   16.024632] systemd[1]: Listening on Journal Audit Socket.
[[0;32m  OK  [0m] Listening on Journal Audit Socket.
[   16.030994] systemd[1]: Starting Journal Service...
         Starting Journal Service...
[   16.039312] systemd[1]: Mounted Huge Pages File System.
[[0;32m  OK  [0m] Mounted Huge Pages File System.
[   16.049697] systemd[1]: Mounted POSIX Message Queue File System.
[[0;32m  OK  [0m] Mounted POSIX Message Queue File System.
[   16.054550] systemd[1]: Mounted Debug File System.
[[0;32m  OK  [0m] Mounted Debug File System.
[   16.061749] systemd[1]: Started Remount Root and Kernel File Systems.
[[0;32m  OK  [0m] Started Remount Root and Kernel File Systems.
[   16.084757] systemd[1]: Starting Load/Save Random Seed...
         Starting Load/Save Random Seed...
[   16.149211] systemd[1]: Starting udev Coldplug all Devices...
         Starting udev Coldplug all Devices...
[   16.160013] Loading iSCSI transport class v2.0-870.
[   16.223529] systemd[1]: Started Create list of required static device nodes for the current kernel.
[[0;32m  OK  [0m] Started Create list of required sta...ce nodes for the current kernel.
[   16.253685] systemd[1]: Starting Create Static Device Nodes in /dev...
         Starting Create Static Device Nodes in /dev...
[   16.261460] systemd[1]: Started Nameserver information manager.
[[0;32m  OK  [0m] Started Nameserver information manager.
[   16.268931] systemd[1]: Started Load/Save Random Seed.
[   16.277295] iscsi: registered transport (tcp)
[[0;32m  OK  [0m] Started Load/Save Random Seed.
[   16.290828] systemd[1]: Started Set console keymap.
[[0;32m  OK  [0m] Started Set console keymap.
[   16.415003] systemd[1]: Started Uncomplicated firewall.
[[0;32m  OK  [0m] Started Uncomplicated firewall.
[   16.506586] systemd[1]: Started udev Coldplug all Devices.
[[0;32m  OK  [0m] Started udev Coldplug all Devices.
[   16.535809] systemd[1]: Started Journal Service.
[[0;32m  OK  [0m] Started Journal Service.
         Starting Flush Journal to Persistent Storage...
[   16.693705] iscsi: registered transport (iser)
[[0;32m  OK  [0m] Started Load Kernel Modules.
         Mounting FUSE Control File System...
         Starting Apply Kernel Variables...
[[0;32m  OK  [0m] Mounted FUSE Control File System.
[   16.730032] systemd-journald[399]: Received request to flush runtime journal from PID 1
[[0;32m  OK  [0m] Started Flush Journal to Persistent Storage.
[[0;32m  OK  [0m] Started Apply Kernel Variables.
[[0;32m  OK  [0m] Started LVM2 metadata daemon.
[[0;32m  OK  [0m] Started Create Static Device Nodes in /dev.
         Starting udev Kernel Device Manager...
[[0;32m  OK  [0m] Started Monitoring of LVM2 mirrors,...ng dmeventd or progress polling.
[[0;32m  OK  [0m] Started udev Kernel Device Manager.
[[0;32m  OK  [0m] Started Dispatch Password Requests to Console Directory Watch.
[[0;32m  OK  [0m] Reached target Local File Systems (Pre).
[[0;32m  OK  [0m] Reached target Local File Systems.
         Starting Commit a transient machine-id on disk...
         Starting LSB: AppArmor initialization...
         Starting Initial cloud-init job (pre-networking)...
         Starting Set console font and keymap...
         Starting Tell Plymouth To Write Out Runtime Data...
         Starting Create Volatile Files and Directories...
[[0;32m  OK  [0m] Started Commit a transient machine-id on disk.
[[0;32m  OK  [0m] Started Tell Plymouth To Write Out Runtime Data.
[[0;32m  OK  [0m] Started Create Volatile Files and Directories.
         Starting Update UTMP about System Boot/Shutdown...
[[0;32m  OK  [0m] Started Update UTMP about System Boot/Shutdown.
[[0;32m  OK  [0m] Found device /dev/ttyS0.
[[0;32m  OK  [0m] Listening on Load/Save RF Kill Switch Status /dev/rfkill Watch.
[[0;32m  OK  [0m] Started Set console font and keymap.
[[0;32m  OK  [0m] Created slice system-getty.slice.
[[0;32m  OK  [0m] Started LSB: AppArmor initialization.
[   24.784572] cloud-init[485]: Cloud-init v. 19.4-33-gbb4131a2-0ubuntu1~16.04.1 running 'init-local' at Tue, 30 Jun 2020 12:13:12 +0000. Up 23.80 seconds.
[[0;32m  OK  [0m] Started Initial cloud-init job (pre-networking).
[[0;32m  OK  [0m] Reached target Network (Pre).
         Starting Raise network interfaces...
[[0;32m  OK  [0m] Started Raise network interfaces.
[[0;32m  OK  [0m] Reached target Network.
         Starting Initial cloud-init job (metadata service crawler)...
[   28.649902] cloud-init[962]: Cloud-init v. 19.4-33-gbb4131a2-0ubuntu1~16.04.1 running 'init' at Tue, 30 Jun 2020 12:13:15 +0000. Up 26.13 seconds.
[   28.653577] cloud-init[962]: ci-info: ++++++++++++++++++++++++++++++++++++++Net device info+++++++++++++++++++++++++++++++++++++++
[   28.661366] cloud-init[962]: ci-info: +--------+-------+----------------------------+---------------+--------+-------------------+
[   28.670687] cloud-init[962]: ci-info: | Device |   Up  |          Address           |      Mask     | Scope  |     Hw-Address    |
[   28.677033] cloud-init[962]: ci-info: +--------+-------+----------------------------+---------------+--------+-------------------+
[   28.691223] cloud-init[962]: ci-info: | enp0s3 |  True |         10.0.2.15          | 255.255.255.0 | global | 02:89:fa:04:16:8f |
[   28.719630] cloud-init[962]: ci-info: | enp0s3 |  True | fe80::89:faff:fe04:168f/64 |       .       |  link  | 02:89:fa:04:16:8f |
[   28.726347] cloud-init[962]: ci-info: | enp0s8 | False |             .              |       .       |   .    | 08:00:27:9c:1b:5a |
[   28.733968] cloud-init[962]: ci-info: |   lo   |  True |         127.0.0.1          |   255.0.0.0   |  host  |         .         |
[   28.739807] cloud-init[962]: ci-info: |   lo   |  True |          ::1/128           |       .       |  host  |         .         |
[   28.745548] cloud-init[962]: ci-info: +--------+-------+----------------------------+---------------+--------+-------------------+
[   28.750746] cloud-init[962]: ci-info: +++++++++++++++++++++++++++Route IPv4 info++++++++++++++++++++++++++++
[   28.757097] cloud-init[962]: ci-info: +-------+-------------+----------+---------------+-----------+-------+
[   28.761850] cloud-init[962]: ci-info: | Route | Destination | Gateway  |    Genmask    | Interface | Flags |
[   28.768178] cloud-init[962]: ci-info: +-------+-------------+----------+---------------+-----------+-------+
[   28.773375] cloud-init[962]: ci-info: |   0   |   0.0.0.0   | 10.0.2.2 |    0.0.0.0    |   enp0s3  |   UG  |
[   28.777152] cloud-init[962]: ci-info: |   1   |   10.0.2.0  | 0.0.0.0  | 255.255.255.0 |   enp0s3  |   U   |
[   28.781395] cloud-init[962]: ci-info: +-------+-------------+----------+---------------+-----------+-------+
[   28.792855] cloud-init[962]: ci-info: +++++++++++++++++++Route IPv6 info+++++++++++++++++++
[   28.797019] cloud-init[962]: ci-info: +-------+-------------+---------+-----------+-------+
[   28.802125] cloud-init[962]: ci-info: | Route | Destination | Gateway | Interface | Flags |[[0;32m  OK  [0m] Started Initial cloud-init job (metadata service crawler).
[[0;32m  OK  [0m] Reached target Network is Online.

[   28.808874] cloud-init[962]: ci-info: +-------+-------------+---------+-----------+-------+
[   28.813027] cloud-init[962]: ci-info: |   0   |  fe80::/64  |    ::   |   enp0s3  |   U   |
[   28.816882] cloud-init[962]: ci-info: |   3   |   ff00::/8  |    ::   |   enp0s3  |   U   |
[   28.820202]          cloud-initStarting iSCSI initiator daemon (iscsid)...[962]: 
ci-info: +-------+-------------+---------+-----------+-------+
[   28.826110] [[0;32m  OK  [0m] Reached target Cloud-config availability.
[[0;32m  OK  [0m] Reached target System Initialization.
cloud-init[962]: Generating public/private rsa key pair.
[   28.830485] cloud-init[962]: Your identification has been saved in /etc/ssh/ssh_host_rsa_key.
[   28.834718] cloud-init[962]: Your public key has been saved in /etc/ssh/ssh_host_rsa_key.pub.
[   28.838656] cloud-init[962]: The key fingerprint is:
[   28.840945] cloud-init[962]: SHA256:L1Fyf6koxDbI1hJ6Rx4td4HlJgoaUP6EYO4o99z7EtI root@ubuntu-xenial
[   28.844717] cloud-init[962]: The key's randomart image is:
[   28.847217] cloud-init[962]: +---[RSA 2048]----+
[   28.849207] cloud-init[962]: |  +..      oo    |
[   28.851026] cloud-init[962]: | o + .   ... .   |
[   28.853310] cloud-init[962]: |  . + + = * +    |
[   28.855637] cloud-init[962]: | o   B O O =   . |
[   28.861524] cloud-init[962]: |o o o.B S   . o  |
[   28.864905]          Starting LXD - unix socket.
[[0;32m  OK  [0m] Listening on UUID daemon activation socket.
[[0;32m  OK  [0m] Started Message of the Day.
[[0;32m  OK  [0m] Started Daily apt download activities.
[[0;32m  OK  [0m] Started Daily apt upgrade and clean activities.
[[0;32m  OK  [0m] Started Daily Cleanup of Temporary Directories.
[[0;32m  OK  [0m] Reached target Timers.
cloud-init[962]: |.. o.+E= + . o   |
[   28.882442] cloud-init[962]: |    o...o o .    |
[   28.885723] cloud-init[962]: |      .. o       |
[   28.900579] cloud-init[962]: |      .o.        |
[   28.902298] cloud-init[962]: +----[SHA256]-----+
[   28.903898] [[0;32m  OK  [0m] Started ACPI Events Check.
[[0;32m  OK  [0m] Reached target Paths.cloud-init[962]: Generating public/private dsa key pair.
[   28.909398] cloud-init[962]: Your identification has been saved in /etc/ssh/ssh_host_dsa_key.
[   28.910503] cloud-init[962]: Your public key has been saved in /etc/ssh/ssh_host_dsa_key.pub.
[   28.911301] cloud-init[962]: The key fingerprint is:
[   28.912488] cloud-init[962]: SHA256:r8HmvYksE+pcjC8CJWriQneonmmxqeGKdkEcwk6QjoU root@ubuntu-xenial
[   28.913609] cloud-init[962]: The key's randomart image is:
[   28.914471] cloud-init[962]: +---[DSA 1024]----+

[   28.916439] cloud-init[962]: |+o               |
[[   28.919712] [0;32m  OK  [0mcloud-init] [962]: Listening on ACPID Listen Socket.|E+..             |

[   28.928346] cloud-init[962]: |=.o .            |
[   28.930191] cloud-init[962]: |oo.o             |
         Starting Socket activation for snappy daemon.
[   28.933712] [[0;32m  OK  [0m] Listening on D-Bus System Message Bus Socket.
cloud-init[[0;32m  OK  [0m] Listening on LXD - unix socket.
[[0;32m  OK  [0m] Listening on Socket activation for snappy daemon.
[[0;32m  OK  [0m] Reached target Sockets.
[[0;32m  OK  [0m] Reached target Basic System.
[962]: |.o. .   S        |
[   28.944009] cloud-init[962]: |++ + +.. .       |
[   28.945856] cloud-init[962]: |*.* +.o.+ .      |
[   28.947594] cloud-init[962]: |+O+oooo+ = .     |
[   28.950465] cloud-init[962]: |@=.oo..o= +.     |
[   28.960673] [[0;32m  OK  [0m] Started D-Bus System Message Bus.
cloud-init[962]: +----[SHA256]-----+
[   28.963948] cloud-init[962]: Generating public/private ecdsa key pair.
[   28.967243] cloud-init[962]: Your identification has been saved in /etc/ssh/ssh_host_ecdsa_key.
[   28.971274] cloud-init[962]: Your public key has been saved in /etc/ssh/ssh_host_ecdsa_key.pub.
[   28.974947] cloud-init[962]: The key fingerprint is:
[   28.977022] cloud-init[962]: SHA256:nA4ePuUafpV2VNW7NawYe7dUubf+wv1NT/T5p3V9Z8c root@ubuntu-xenial
[   28.979596] cloud-init[962]: The key's randomart image is:
[   28.982022] cloud-init[962]: +---[ECDSA 256]---+
[   28.984790] cloud-init[962]: |               .o|
[   28.988509] cloud-init[962]: |              . .|
[   28.990723] cloud-init[962]: |             .. o|
[   28.992618] cloud-init[962]: |       . . ..  =o|
[   28.994373] cloud-init[962]: |      o S  o+ . B|
[   28.996206] cloud-init[962]: |     o *  +o.o B=|
[   28.999244] cloud-init[962]: |      = oo ...ooE|
[   29.005683] cloud-init[962]: |     . +.     oB@|
[   29.007550] cloud-init[962]: |      o.      o+X|
[   29.009391] cloud-init[962]: +----[SHA256]-----+
[   29.011173] cloud-init[962]: Generating public/private ed25519 key pair.
[   29.013341] cloud-init[962]: Your identification has been saved in /etc/ssh/ssh_host_ed25519_key.
[   29.017031] cloud-init[962]: Your public key has been saved in /etc/ssh/ssh_host_ed25519_key.pub.
[   29.020185] cloud-init[962]: The key fingerprint is:
[   29.022611] cloud-init[962]: SHA256:UtcsFMT4Rmkfesz/pkTvrlxh0b/e7BJShzXlnQ+JF6I root@ubuntu-xenial
[   29.026187] cloud-init[962]: The key's randomart image is:
[   29.028870] cloud-init[962]: +--[ED25519 256]--+
[   29.030764] cloud-init[962]: |         ++o. . o|
[   29.033675] cloud-init[962]: |        ..=+.o ==|
[   29.037843] cloud-init[962]: |        .+E=+.+==|
[   29.039986] cloud-init[962]: |       . .+.=.o.=|
[   29.042395] cloud-init[962]: |      . S. . o.+o|
[   29.044725] cloud-init[962]: |       .    ..+.o|
[   29.046564] cloud-init[962]: |             ..+o|
[   29.049817] cloud-init[962]: |             oo++|
[   29.052483] cloud-init[962]: |              +O*|
[   29.055360] cloud-init[962]: +----[SHA256]-----+
         Starting LSB: MD monitoring daemon...
         Starting Accounts Service...
[[0;32m  OK  [0m] Started Regular background program processing daemon.
[[0;32m  OK  [0m] Started ACPI event daemon.
         Starting /etc/rc.local Compatibility...
         Starting Virtualbox guest utils...
         Starting LSB: Record successful boot for GRUB...
[[0;32m  OK  [0m] Started FUSE filesystem for LXC.
         Starting Pollinate to seed the pseudo random number generator...
[[0;32m  OK  [0m] Started Deferred execution scheduler.
         Starting Snappy daemon...
         Starting System Logging Service...
         Starting Login Service...
         Starting LXD - container startup/shutdown...
[[0;32m  OK  [0m] Started /etc/rc.local Compatibility.
[[0;32m  OK  [0m] Started LSB: Record successful boot for GRUB.
[[0;32m  OK  [0m] Started Login Service.
[[0;32m  OK  [0m] Started Unattended Upgrades Shutdown.
[[0;32m  OK  [0m] Started System Logging Service.
[[0;32m  OK  [0m] Started iSCSI initiator daemon (iscsid).
         Starting Login to default iSCSI targets...
[[0;32m  OK  [0m] Started Virtualbox guest utils.
[[0;32m  OK  [0m] Started LSB: MD monitoring daemon.
[[0;32m  OK  [0m] Started Login to default iSCSI targets.
[[0;32m  OK  [0m] Reached target Remote File Systems (Pre).
[[0;32m  OK  [0m] Reached target Remote File Systems.
         Starting LSB: automatic crash report generation...
         Starting Permit User Sessions...
         Starting LSB: Set the CPU Frequency Scaling governor to "ondemand"...
         Starting LSB: daemon to balance interrupts for SMP systems...
         Starting Authenticate and Authorize Users to Run Privileged Tasks...
[[0;32m  OK  [0m] Started Permit User Sessions.
         Starting Hold until boot process finishes up...
         Starting Terminate Plymouth Boot Screen...
[[0;32m  OK  [0m] Started LSB: Set the CPU Frequency Scaling governor to "ondemand".
[[0;32m  OK  [0m] Started Hold until boot process finishes up.
[[0;32m  OK  [0m] Started Terminate Plymouth Boot Screen.
[[0;32m  OK  [0m] Started Serial Getty on ttyS0.
         Starting Set console scheme...
[[0;32m  OK  [0m] Started Getty on tty1.
[[0;32m  OK  [0m] Reached target Login Prompts.
[[0;32m  OK  [0m] Started LSB: automatic crash report generation.
[[0;32m  OK  [0m] Started LSB: daemon to balance interrupts for SMP systems.
[[0;32m  OK  [0m] Started Set console scheme.
[[0;32m  OK  [0m] Started Authenticate and Authorize Users to Run Privileged Tasks.
[[0;32m  OK  [0m] Started Accounts Service.
[[0;32m  OK  [0m] Started Pollinate to seed the pseudo random number generator.
         Starting OpenBSD Secure Shell server...
[[0;32m  OK  [0m] Started OpenBSD Secure Shell server.
[[0;32m  OK  [0m] Started LXD - container startup/shutdown.
[[0;32m  OK  [0m] Started Snappy daemon.
         Starting Wait until snapd is fully seeded...

Ubuntu 16.04.6 LTS ubuntu-xenial ttyS0

ubuntu-xenial login: [   38.577922] cloud-init[1321]: Generating locales (this might take a while)...
[   45.863544] cloud-init[1321]:   en_US.UTF-8... done
[   45.871246] cloud-init[1321]: Generation complete.
[   60.194161] cloud-init[1321]: Cloud-init v. 19.4-33-gbb4131a2-0ubuntu1~16.04.1 running 'modules:config' at Tue, 30 Jun 2020 12:13:27 +0000. Up 38.20 seconds.
ci-info: no authorized SSH keys fingerprints found for user ubuntu.
<14>Jun 30 12:13:50 ec2: 
<14>Jun 30 12:13:50 ec2: #############################################################
<14>Jun 30 12:13:50 ec2: -----BEGIN SSH HOST KEY FINGERPRINTS-----
<14>Jun 30 12:13:50 ec2: 1024 SHA256:r8HmvYksE+pcjC8CJWriQneonmmxqeGKdkEcwk6QjoU root@ubuntu-xenial (DSA)
<14>Jun 30 12:13:50 ec2: 256 SHA256:nA4ePuUafpV2VNW7NawYe7dUubf+wv1NT/T5p3V9Z8c root@ubuntu-xenial (ECDSA)
<14>Jun 30 12:13:50 ec2: 256 SHA256:UtcsFMT4Rmkfesz/pkTvrlxh0b/e7BJShzXlnQ+JF6I root@ubuntu-xenial (ED25519)
<14>Jun 30 12:13:50 ec2: 2048 SHA256:L1Fyf6koxDbI1hJ6Rx4td4HlJgoaUP6EYO4o99z7EtI root@ubuntu-xenial (RSA)
<14>Jun 30 12:13:50 ec2: -----END SSH HOST KEY FINGERPRINTS-----
<14>Jun 30 12:13:50 ec2: #############################################################
-----BEGIN SSH HOST KEY KEYS-----
ecdsa-sha2-nistp256 AAAAE2VjZHNhLXNoYTItbmlzdHAyNTYAAAAIbmlzdHAyNTYAAABBBCPjhfqmsj27R1/qc7W2Mh+5DBNi1Ay5xVtMqPhbIMLd7WK4ibVxwzBp8KKU7I5xSENiwj2S7UWLouxaV91OQ9o= root@ubuntu-xenial
ssh-ed25519 AAAAC3NzaC1lZDI1NTE5AAAAIE5l5HjZjwHhria0BlvV8lNg4W3sJH9/JCOk1N9IHwPu root@ubuntu-xenial
ssh-rsa AAAAB3NzaC1yc2EAAAADAQABAAABAQDur5nzmZMQOD0bwuTpd14CiO0cv24awFUWdHgAU6bKK8hBatC+p6+bhsNvfgd7LuEvioktj6tEFrIOxv3+yyrrzUwLv263EDOL6AhHK53XiNgOMFoeT6+LVWRrIG7/H4yH9jd2xW07L/9MYePnDzfQ6QDdOMSsrUVzzpzKYc0hhAc8hW3bNlDDsL43oynHSJAK7dJrJTAHWbzgLv+8vA0Ph9T8AfCxZfwUcvc7G4XB8ukIPf5OiibNMmJD8FiAG6eG+Ta5B/b8lXMvGV45H2ULPdJmIMU1xF98O1BKsgVmaJ2lVyziDJgd7GLk9iEbyyJfaZQnZgOSH/xZgs92NTdb root@ubuntu-xenial
-----END SSH HOST KEY KEYS-----
[   61.416747] cloud-init[1365]: Cloud-init v. 19.4-33-gbb4131a2-0ubuntu1~16.04.1 running 'modules:final' at Tue, 30 Jun 2020 12:13:49 +0000. Up 61.02 seconds.
[   61.423726] cloud-init[1365]: ci-info: no authorized SSH keys fingerprints found for user ubuntu.
[   61.427236] cloud-init[1365]: Cloud-init v. 19.4-33-gbb4131a2-0ubuntu1~16.04.1 finished at Tue, 30 Jun 2020 12:13:50 +0000. Datasource DataSourceNoCloud [seed=/dev/sdb][dsmode=net].  Up 61.37 seconds
